# JRE version: OpenJDK Runtime Environment (21.0.8) (build 21.0.8+-14196175-b1038.72)
# Java VM: OpenJDK 64-Bit Server VM (21.0.8+-14196175-b1038.72, mixed mode, tiered, compressed oops, compressed class ptrs, g1 gc, windows-amd64)
GC Precious Log:
 CardTable entry size: 512
 Card Set container configuration: InlinePtr #cards 5 size 8 Array Of Cards #cards 12 size 40 Howl #buckets 4 coarsen threshold 1843 Howl Bitmap #cards 512 size 80 coarsen threshold 460 Card regions per heap region 1 cards per card region 2048
 CPUs: 12 total, 12 available
 Memory: 16068M
 Large Page Support: Disabled
 NUMA Support: Disabled
 Compressed Oops: Enabled (32-bit)
 Heap Region Size: 1M
 Heap Min Capacity: 8M
 Heap Initial Capacity: 252M
 Heap Max Capacity: 2G
 Pre-touch: Disabled
 Parallel Workers: 10
 Concurrent Workers: 3
 Concurrent Refinement Workers: 10
 Periodic GC: Disabled
Heap:
 garbage-first heap   total 381952K, used 225792K [0x0000000080000000, 0x0000000100000000)
  region size 1024K, 12 young (12288K), 12 survivors (12288K)
 Metaspace       used 66559K, committed 68032K, reserved 1114112K
  class space    used 9293K, committed 9984K, reserved 1048576K
GC Heap History (20 events):
Event: 23.218 GC heap after
{Heap after GC invocations=53 (full 0):
 garbage-first heap   total 193536K, used 104855K [0x0000000080000000, 0x0000000100000000)
  region size 1024K, 8 young (8192K), 8 survivors (8192K)
 Metaspace       used 66299K, committed 67776K, reserved 1114112K
  class space    used 9300K, committed 9984K, reserved 1048576K
}
Event: 23.337 GC heap before
{Heap before GC invocations=53 (full 0):
 garbage-first heap   total 193536K, used 174487K [0x0000000080000000, 0x0000000100000000)
  region size 1024K, 76 young (77824K), 8 survivors (8192K)
 Metaspace       used 66299K, committed 67776K, reserved 1114112K
  class space    used 9300K, committed 9984K, reserved 1048576K
}
Event: 23.343 GC heap after
{Heap after GC invocations=54 (full 0):
 garbage-first heap   total 193536K, used 108493K [0x0000000080000000, 0x0000000100000000)
  region size 1024K, 7 young (7168K), 7 survivors (7168K)
 Metaspace       used 66299K, committed 67776K, reserved 1114112K
  class space    used 9300K, committed 9984K, reserved 1048576K
}
Event: 23.526 GC heap before
{Heap before GC invocations=55 (full 0):
 garbage-first heap   total 193536K, used 176077K [0x0000000080000000, 0x0000000100000000)
  region size 1024K, 73 young (74752K), 7 survivors (7168K)
 Metaspace       used 66274K, committed 67776K, reserved 1114112K
  class space    used 9292K, committed 9984K, reserved 1048576K
}
Event: 23.532 GC heap after
{Heap after GC invocations=56 (full 0):
 garbage-first heap   total 193536K, used 112110K [0x0000000080000000, 0x0000000100000000)
  region size 1024K, 7 young (7168K), 7 survivors (7168K)
 Metaspace       used 66274K, committed 67776K, reserved 1114112K
  class space    used 9292K, committed 9984K, reserved 1048576K
}
Event: 23.719 GC heap before
{Heap before GC invocations=56 (full 0):
 garbage-first heap   total 193536K, used 177646K [0x0000000080000000, 0x0000000100000000)
  region size 1024K, 69 young (70656K), 7 survivors (7168K)
 Metaspace       used 66275K, committed 67776K, reserved 1114112K
  class space    used 9292K, committed 9984K, reserved 1048576K
}
Event: 23.742 GC heap after
{Heap after GC invocations=57 (full 0):
 garbage-first heap   total 210944K, used 137864K [0x0000000080000000, 0x0000000100000000)
  region size 1024K, 9 young (9216K), 9 survivors (9216K)
 Metaspace       used 66275K, committed 67776K, reserved 1114112K
  class space    used 9292K, committed 9984K, reserved 1048576K
}
Event: 23.748 GC heap before
{Heap before GC invocations=57 (full 0):
 garbage-first heap   total 210944K, used 138888K [0x0000000080000000, 0x0000000100000000)
  region size 1024K, 11 young (11264K), 9 survivors (9216K)
 Metaspace       used 66275K, committed 67776K, reserved 1114112K
  class space    used 9292K, committed 9984K, reserved 1048576K
}
Event: 23.762 GC heap after
{Heap after GC invocations=58 (full 0):
 garbage-first heap   total 381952K, used 140285K [0x0000000080000000, 0x0000000100000000)
  region size 1024K, 1 young (1024K), 1 survivors (1024K)
 Metaspace       used 66275K, committed 67776K, reserved 1114112K
  class space    used 9292K, committed 9984K, reserved 1048576K
}
Event: 24.033 GC heap before
{Heap before GC invocations=58 (full 0):
 garbage-first heap   total 381952K, used 179197K [0x0000000080000000, 0x0000000100000000)
  region size 1024K, 38 young (38912K), 1 survivors (1024K)
 Metaspace       used 66358K, committed 67776K, reserved 1114112K
  class space    used 9293K, committed 9984K, reserved 1048576K
}
Event: 24.059 GC heap after
{Heap after GC invocations=59 (full 0):
 garbage-first heap   total 381952K, used 167135K [0x0000000080000000, 0x0000000100000000)
  region size 1024K, 17 young (17408K), 17 survivors (17408K)
 Metaspace       used 66358K, committed 67776K, reserved 1114112K
  class space    used 9293K, committed 9984K, reserved 1048576K
}
Event: 24.454 GC heap before
{Heap before GC invocations=60 (full 0):
 garbage-first heap   total 381952K, used 265439K [0x0000000080000000, 0x0000000100000000)
  region size 1024K, 115 young (117760K), 17 survivors (17408K)
 Metaspace       used 66464K, committed 67968K, reserved 1114112K
  class space    used 9293K, committed 9984K, reserved 1048576K
}
Event: 24.543 GC heap after
{Heap after GC invocations=61 (full 0):
 garbage-first heap   total 381952K, used 202240K [0x0000000080000000, 0x0000000100000000)
  region size 1024K, 15 young (15360K), 15 survivors (15360K)
 Metaspace       used 66464K, committed 67968K, reserved 1114112K
  class space    used 9293K, committed 9984K, reserved 1048576K
}
Event: 24.722 GC heap before
{Heap before GC invocations=61 (full 0):
 garbage-first heap   total 381952K, used 287232K [0x0000000080000000, 0x0000000100000000)
  region size 1024K, 99 young (101376K), 15 survivors (15360K)
 Metaspace       used 66526K, committed 67968K, reserved 1114112K
  class space    used 9293K, committed 9984K, reserved 1048576K
}
Event: 24.745 GC heap after
{Heap after GC invocations=62 (full 0):
 garbage-first heap   total 381952K, used 211021K [0x0000000080000000, 0x0000000100000000)
  region size 1024K, 12 young (12288K), 12 survivors (12288K)
 Metaspace       used 66526K, committed 67968K, reserved 1114112K
  class space    used 9293K, committed 9984K, reserved 1048576K
}
Event: 24.788 GC heap before
{Heap before GC invocations=62 (full 0):
 garbage-first heap   total 381952K, used 228429K [0x0000000080000000, 0x0000000100000000)
  region size 1024K, 30 young (30720K), 12 survivors (12288K)
 Metaspace       used 66533K, committed 67968K, reserved 1114112K
  class space    used 9293K, committed 9984K, reserved 1048576K
}
Event: 24.801 GC heap after
{Heap after GC invocations=63 (full 0):
 garbage-first heap   total 381952K, used 214850K [0x0000000080000000, 0x0000000100000000)
  region size 1024K, 5 young (5120K), 5 survivors (5120K)
 Metaspace       used 66533K, committed 67968K, reserved 1114112K
  class space    used 9293K, committed 9984K, reserved 1048576K
}
Event: 25.177 GC heap before
{Heap before GC invocations=64 (full 0):
 garbage-first heap   total 381952K, used 293698K [0x0000000080000000, 0x0000000100000000)
  region size 1024K, 93 young (95232K), 5 survivors (5120K)
 Metaspace       used 66559K, committed 68032K, reserved 1114112K
  class space    used 9293K, committed 9984K, reserved 1048576K
}
Event: 25.202 GC heap after
{Heap after GC invocations=65 (full 0):
 garbage-first heap   total 381952K, used 228352K [0x0000000080000000, 0x0000000100000000)
  region size 1024K, 12 young (12288K), 12 survivors (12288K)
 Metaspace       used 66559K, committed 68032K, reserved 1114112K
  class space    used 9293K, committed 9984K, reserved 1048576K
}
Event: 25.499 GC heap before
{Heap before GC invocations=65 (full 0):
 garbage-first heap   total 381952K, used 315392K [0x0000000080000000, 0x0000000100000000)
  region size 1024K, 96 young (98304K), 12 survivors (12288K)
 Metaspace       used 66559K, committed 68032K, reserved 1114112K
  class space    used 9293K, committed 9984K, reserved 1048576K
}

